\BOOKMARK [0][-]{title.0}{封面}{}% 1
\BOOKMARK [0][-]{toc.0}{目录}{}% 2
\BOOKMARK [0][-]{chapter.1}{第一题}{}% 3
\BOOKMARK [1][-]{section.1.1}{题目分析}{chapter.1}% 4
\BOOKMARK [1][-]{section.1.2}{实验前提}{chapter.1}% 5
\BOOKMARK [2][-]{subsection.1.2.1}{延迟函数设计}{section.1.2}% 6
\BOOKMARK [2][-]{subsection.1.2.2}{实验环境}{section.1.2}% 7
\BOOKMARK [1][-]{section.1.3}{dynamic调度方法}{chapter.1}% 8
\BOOKMARK [2][-]{subsection.1.3.1}{实验结果}{section.1.3}% 9
\BOOKMARK [1][-]{section.1.4}{guided调度方法}{chapter.1}% 10
\BOOKMARK [2][-]{subsection.1.4.1}{实验结果}{section.1.4}% 11
\BOOKMARK [1][-]{section.1.5}{不同调度方法之间的对比}{chapter.1}% 12
\BOOKMARK [2][-]{subsection.1.5.1}{作图}{section.1.5}% 13
\BOOKMARK [2][-]{subsection.1.5.2}{实验结果}{section.1.5}% 14
\BOOKMARK [0][-]{chapter.2}{第二题}{}% 15
\BOOKMARK [1][-]{section.2.1}{实验前提}{chapter.2}% 16
\BOOKMARK [2][-]{subsection.2.1.1}{矩阵规模}{section.2.1}% 17
\BOOKMARK [2][-]{subsection.2.1.2}{测试环境}{section.2.1}% 18
\BOOKMARK [2][-]{subsection.2.1.3}{运行性能的评价}{section.2.1}% 19
\BOOKMARK [1][-]{section.2.2}{矩阵乘法的实现}{chapter.2}% 20
\BOOKMARK [2][-]{subsection.2.2.1}{对cache优化的简单矩阵乘法}{section.2.2}% 21
\BOOKMARK [1][-]{section.2.3}{实验过程}{chapter.2}% 22
\BOOKMARK [1][-]{section.2.4}{实验结果}{chapter.2}% 23
\BOOKMARK [0][-]{appendix.A}{文件的组织}{}% 24
